[debug] [2023-05-30T09:06:51.400Z] ----------------------------------------------------------------------
[debug] [2023-05-30T09:06:51.405Z] Command:       C:\Program Files\nodejs\node.exe C:\Users\HP\AppData\Roaming\npm\node_modules\firebase-tools\lib\bin\firebase.js init
[debug] [2023-05-30T09:06:51.406Z] CLI Version:   12.2.1
[debug] [2023-05-30T09:06:51.406Z] Platform:      win32
[debug] [2023-05-30T09:06:51.407Z] Node Version:  v19.3.0
[debug] [2023-05-30T09:06:51.407Z] Time:          Tue May 30 2023 14:36:51 GMT+0530 (India Standard Time)
[debug] [2023-05-30T09:06:51.407Z] ----------------------------------------------------------------------
[debug] 
[debug] [2023-05-30T09:06:51.418Z] > command requires scopes: ["email","openid","https://www.googleapis.com/auth/cloudplatformprojects.readonly","https://www.googleapis.com/auth/firebase","https://www.googleapis.com/auth/cloud-platform"]
[debug] [2023-05-30T09:06:51.419Z] > authorizing via signed-in user (naikwadkeerti@gmail.com)
[info] 
     ######## #### ########  ######## ########     ###     ######  ########
     ##        ##  ##     ## ##       ##     ##  ##   ##  ##       ##
     ######    ##  ########  ######   ########  #########  ######  ######
     ##        ##  ##    ##  ##       ##     ## ##     ##       ## ##
     ##       #### ##     ## ######## ########  ##     ##  ######  ########

You're about to initialize a Firebase project in this directory:

  C:\mysite

Before we get started, keep in mind:

  * You are currently outside your home directory

